<?xml version="1.0" encoding="UTF-8"?>
<!-- Generated by org.testng.reporters.JUnitReportReporter -->
<testsuite hostname="DESKTOP-6P9AFJM" name="testRest.TestAPI" tests="2" failures="0" timestamp="24 Jun 2021 08:16:00 GMT" time="5.632" errors="0">
  <testcase name="deleteUser" time="2.330" classname="testRest.TestAPI"/>
  <testcase name="getAllUsers" time="3.302" classname="testRest.TestAPI"/>
</testsuite> <!-- testRest.TestAPI -->
